<?xml version="1.0" encoding="UTF-8"?>
<testsuite xmlns:xsi="http://www.w3.org/2001/XMLSchema-instance" xsi:noNamespaceSchemaLocation="https://maven.apache.org/surefire/maven-surefire-plugin/xsd/surefire-test-report.xsd" version="3.0.2" name="com.aspromedic.AspromedicApplicationTests" time="11.507" tests="1" errors="0" skipped="0" failures="0">
  <properties>
[...]
</properties>
  <testcase name="contextLoads" classname="com.aspromedic.AspromedicApplicationTests" time="0.593">
    <system-out><![CDATA[13:44:32.173 [main] INFO org.springframework.test.context.support.AnnotationConfigContextLoaderUtils -- Could not detect default configuration classes for test class [com.aspromedic.AspromedicApplicationTests]: AspromedicApplicationTests does not declare any static, non-private, non-final, nested classes annotated with @Configuration.
13:44:32.330 [main] INFO org.springframework.boot.test.context.SpringBootTestContextBootstrapper -- Found @SpringBootConfiguration com.aspromedic.AspromedicApplication for test class com.aspromedic.AspromedicApplicationTests
13:44:32.586 [main] INFO org.springframework.boot.devtools.restart.RestartApplicationListener -- Restart disabled due to context in which it is running

  .   ____          _            __ _ _
 /\\ / ___'_ __ _ _(_)_ __  __ _ \ \ \ \
( ( )\___ | '_ | '_| | '_ \/ _` | \ \ \ \
 \\/  ___)| |_)| | | | | || (_| |  ) ) ) )
  '  |____| .__|_| |_|_| |_\__, | / / / /
 =========|_|==============|___/=/_/_/_/

 :: Spring Boot ::                (v3.4.3)

2025-05-01T13:44:33.000-05:00  INFO 16064 --- [aspromedic] [           main] c.aspromedic.AspromedicApplicationTests  : Starting AspromedicApplicationTests using Java 17.0.12 with PID 16064 (started by Lenovo in C:\Users\Lenovo\OneDrive\Documentos\Workspace\prueba)
2025-05-01T13:44:33.001-05:00  INFO 16064 --- [aspromedic] [           main] c.aspromedic.AspromedicApplicationTests  : The following 1 profile is active: "local"
2025-05-01T13:44:34.375-05:00  INFO 16064 --- [aspromedic] [           main] .s.d.r.c.RepositoryConfigurationDelegate : Bootstrapping Spring Data JPA repositories in DEFAULT mode.
2025-05-01T13:44:34.581-05:00  INFO 16064 --- [aspromedic] [           main] .s.d.r.c.RepositoryConfigurationDelegate : Finished Spring Data repository scanning in 191 ms. Found 21 JPA repository interfaces.
2025-05-01T13:44:35.343-05:00  INFO 16064 --- [aspromedic] [           main] o.hibernate.jpa.internal.util.LogHelper  : HHH000204: Processing PersistenceUnitInfo [name: default]
2025-05-01T13:44:35.445-05:00  INFO 16064 --- [aspromedic] [           main] org.hibernate.Version                    : HHH000412: Hibernate ORM core version 6.6.8.Final
2025-05-01T13:44:35.511-05:00  INFO 16064 --- [aspromedic] [           main] o.h.c.internal.RegionFactoryInitiator    : HHH000026: Second-level cache disabled
2025-05-01T13:44:36.023-05:00  INFO 16064 --- [aspromedic] [           main] o.s.o.j.p.SpringPersistenceUnitInfo      : No LoadTimeWeaver setup: ignoring JPA class transformer
2025-05-01T13:44:36.075-05:00  INFO 16064 --- [aspromedic] [           main] com.zaxxer.hikari.HikariDataSource       : HikariPool-1 - Starting...
2025-05-01T13:44:36.388-05:00  INFO 16064 --- [aspromedic] [           main] com.zaxxer.hikari.pool.HikariPool        : HikariPool-1 - Added connection org.postgresql.jdbc.PgConnection@16391278
2025-05-01T13:44:36.390-05:00  INFO 16064 --- [aspromedic] [           main] com.zaxxer.hikari.HikariDataSource       : HikariPool-1 - Start completed.
2025-05-01T13:44:36.445-05:00  WARN 16064 --- [aspromedic] [           main] org.hibernate.orm.deprecation            : HHH90000025: PostgreSQLDialect does not need to be specified explicitly using 'hibernate.dialect' (remove the property setting and it will be selected by default)
2025-05-01T13:44:36.470-05:00  INFO 16064 --- [aspromedic] [           main] org.hibernate.orm.connections.pooling    : HHH10001005: Database info:
	Database JDBC URL [Connecting through datasource 'HikariDataSource (HikariPool-1)']
	Database driver: undefined/unknown
	Database version: 17.4
	Autocommit mode: undefined/unknown
	Isolation level: undefined/unknown
	Minimum pool size: undefined/unknown
	Maximum pool size: undefined/unknown
2025-05-01T13:44:38.202-05:00  INFO 16064 --- [aspromedic] [           main] o.h.e.t.j.p.i.JtaPlatformInitiator       : HHH000489: No JTA platform available (set 'hibernate.transaction.jta.platform' to enable JTA platform integration)
2025-05-01T13:44:38.987-05:00  INFO 16064 --- [aspromedic] [           main] j.LocalContainerEntityManagerFactoryBean : Initialized JPA EntityManagerFactory for persistence unit 'default'
2025-05-01T13:44:39.374-05:00  INFO 16064 --- [aspromedic] [           main] o.s.d.j.r.query.QueryEnhancerFactory     : Hibernate is in classpath; If applicable, HQL parser will be used.
2025-05-01T13:44:41.814-05:00  WARN 16064 --- [aspromedic] [           main] JpaBaseConfiguration$JpaWebConfiguration : spring.jpa.open-in-view is enabled by default. Therefore, database queries may be performed during view rendering. Explicitly configure spring.jpa.open-in-view to disable this warning
2025-05-01T13:44:41.848-05:00  INFO 16064 --- [aspromedic] [           main] r$InitializeUserDetailsManagerConfigurer : Global AuthenticationManager configured with UserDetailsService bean with name userDetailsServiceImpl
2025-05-01T13:44:42.306-05:00 DEBUG 16064 --- [aspromedic] [           main] o.s.s.web.DefaultSecurityFilterChain     : Will secure any request with filters: DisableEncodeUrlFilter, WebAsyncManagerIntegrationFilter, SecurityContextHolderFilter, HeaderWriterFilter, LogoutFilter, UsernamePasswordAuthenticationFilter, RequestCacheAwareFilter, SecurityContextHolderAwareRequestFilter, AnonymousAuthenticationFilter, ExceptionTranslationFilter, AuthorizationFilter
2025-05-01T13:44:42.634-05:00  WARN 16064 --- [aspromedic] [           main] o.thymeleaf.templatemode.TemplateMode    : [THYMELEAF][main] Unknown Template Mode 'HTML5'. Must be one of: 'HTML', 'XML', 'TEXT', 'JAVASCRIPT', 'CSS', 'RAW'. Using default Template Mode 'HTML'.
2025-05-01T13:44:42.837-05:00  INFO 16064 --- [aspromedic] [           main] c.aspromedic.AspromedicApplicationTests  : Started AspromedicApplicationTests in 10.267 seconds (process running for 11.528)
]]></system-out>
  </testcase>
</testsuite>